SF:lib\app\modules\search_pokemon\errors\errors.dart
DA:5,4
DA:9,1
DA:12,3
DA:16,0
DA:19,1
DA:23,0
DA:26,0
LF:7
LH:4
end_of_record
SF:lib\app\modules\search_pokemon\interfaces\http_client\http_exception.dart
DA:6,1
LF:1
LH:1
end_of_record
SF:lib\app\modules\search_pokemon\interfaces\http_client\http_response.dart
DA:5,2
LF:1
LH:1
end_of_record
SF:lib\app\modules\search_pokemon\interfaces\repositories\search_pokemon_repository.dart
DA:7,0
LF:1
LH:0
end_of_record
SF:lib\app\modules\search_pokemon\models\pokemon_model.dart
DA:6,2
DA:8,2
DA:9,4
DA:11,2
DA:16,2
DA:18,0
DA:21,2
DA:24,2
DA:25,10
DA:27,0
DA:30,2
LF:11
LH:9
end_of_record
SF:lib\app\modules\search_pokemon\repositories\search_pokemon_repository_imp.dart
DA:12,2
DA:14,2
DA:16,2
DA:20,6
DA:21,4
DA:22,2
DA:23,1
DA:24,1
DA:25,1
DA:26,2
DA:28,0
DA:30,0
LF:12
LH:10
end_of_record
SF:lib\app\modules\search_pokemon\pages\widgets\list_tile_personalizado.dart
DA:8,2
DA:10,2
DA:12,2
DA:13,4
DA:14,6
DA:15,2
DA:16,2
LF:7
LH:7
end_of_record
SF:lib\app\app_module.dart
DA:6,0
DA:7,0
DA:8,0
DA:9,0
LF:4
LH:0
end_of_record
SF:lib\app\modules\home\home_page.dart
DA:5,2
DA:7,0
DA:8,0
DA:12,0
DA:14,0
DA:15,0
DA:16,0
DA:17,0
DA:18,0
DA:19,0
DA:21,0
DA:22,0
LF:12
LH:1
end_of_record
SF:lib\app\modules\search_pokemon\search_pokemon_module.dart
DA:11,1
DA:12,1
DA:13,4
DA:14,1
DA:16,1
DA:17,1
DA:20,0
DA:21,0
DA:22,0
LF:9
LH:6
end_of_record
SF:lib\app\modules\search_pokemon\pages\search_pokemon_page.dart
DA:11,3
DA:13,1
DA:14,1
DA:24,1
DA:26,1
DA:27,1
DA:30,1
DA:31,1
DA:32,1
DA:33,1
DA:34,2
DA:37,1
DA:38,1
DA:39,5
DA:40,1
DA:41,1
DA:42,1
DA:43,1
DA:44,1
DA:46,1
DA:48,2
DA:49,1
DA:50,4
DA:57,1
DA:59,1
DA:60,1
DA:62,1
DA:63,1
DA:66,1
DA:67,1
DA:68,2
DA:69,4
LF:32
LH:32
end_of_record
SF:lib\app\modules\search_pokemon\services\http_client_dio_imp.dart
DA:10,0
DA:12,0
DA:15,0
DA:16,0
DA:17,0
DA:18,0
LF:6
LH:0
end_of_record
